<?xml version="1.0" encoding="UTF-8"?>

<!-- generated on Wed May  9 13:17:30 2018 by SUMO Version 0.32.0
<?xml version="1.0" encoding="UTF-8"?>

<configuration xmlns:xsi="http://www.w3.org/2001/XMLSchema-instance" xsi:noNamespaceSchemaLocation="http://sumo.dlr.de/xsd/sumoConfiguration.xsd">

    <input>
        <net-file value="./small_grid/data/exp.net.xml"/>
        <route-files value="./small_grid/data/exp_0.rou.xml"/>
        <additional-files value="./small_grid/data/exp.add.xml"/>
    </input>

    <time>
        <begin value="0"/>
        <end value="7200"/>
    </time>

    <processing>
        <time-to-teleport value="-1"/>
    </processing>

    <report>
        <no-warnings value="true"/>
        <no-step-log value="true"/>
    </report>

    <traci_server>
        <remote-port value="8000"/>
    </traci_server>

    <random_number>
        <seed value="42"/>
    </random_number>

</configuration>
-->

<detector xmlns:xsi="http://www.w3.org/2001/XMLSchema-instance" xsi:noNamespaceSchemaLocation="http://sumo.dlr.de/xsd/det_e1_file.xsd">
    <interval begin="0.00" end="15.00" id="ild_in:nt1,nt2" nVehContrib="2" flow="480.00" occupancy="14.31" speed="10.85" length="5.00" nVehEntered="2"/>
    <interval begin="0.00" end="15.00" id="ild_in:nt1,npc" nVehContrib="0" flow="0.00" occupancy="0.00" speed="-1.00" length="-1.00" nVehEntered="0"/>
    <interval begin="0.00" end="15.00" id="ild_in:nt1,nt6" nVehContrib="0" flow="0.00" occupancy="0.00" speed="-1.00" length="-1.00" nVehEntered="0"/>
    <interval begin="0.00" end="15.00" id="ild_in:npc,nt3" nVehContrib="0" flow="0.00" occupancy="0.00" speed="-1.00" length="-1.00" nVehEntered="0"/>
    <interval begin="0.00" end="15.00" id="ild_in:npc,nt5" nVehContrib="0" flow="0.00" occupancy="0.00" speed="-1.00" length="-1.00" nVehEntered="0"/>
    <interval begin="0.00" end="15.00" id="ild_in:nt5,nt6" nVehContrib="0" flow="0.00" occupancy="0.00" speed="-1.00" length="-1.00" nVehEntered="0"/>
    <interval begin="0.00" end="15.00" id="ild_in:nt4,nt3" nVehContrib="0" flow="0.00" occupancy="0.00" speed="-1.00" length="-1.00" nVehEntered="0"/>
    <interval begin="0.00" end="15.00" id="ild_in:nt4,nt5" nVehContrib="2" flow="480.00" occupancy="17.77" speed="7.57" length="5.00" nVehEntered="2"/>
    <interval begin="0.00" end="15.00" id="ild_in:nt3,nt2" nVehContrib="0" flow="0.00" occupancy="0.00" speed="-1.00" length="-1.00" nVehEntered="0"/>
    <interval begin="0.00" end="15.00" id="ild_in:nt6,np12" nVehContrib="0" flow="0.00" occupancy="0.00" speed="-1.00" length="-1.00" nVehEntered="0"/>
    <interval begin="0.00" end="15.00" id="ild_in:nt6,np13" nVehContrib="0" flow="0.00" occupancy="0.00" speed="-1.00" length="-1.00" nVehEntered="0"/>
    <interval begin="0.00" end="15.00" id="ild_in:nt2,np4" nVehContrib="0" flow="0.00" occupancy="0.00" speed="-1.00" length="-1.00" nVehEntered="0"/>
    <interval begin="0.00" end="15.00" id="ild_in:nt2,np5" nVehContrib="0" flow="0.00" occupancy="0.00" speed="-1.00" length="-1.00" nVehEntered="0"/>
    <interval begin="0.00" end="15.00" id="ild_in:nt5,np11" nVehContrib="0" flow="0.00" occupancy="0.00" speed="-1.00" length="-1.00" nVehEntered="0"/>
    <interval begin="0.00" end="15.00" id="ild_in:nt3,np6" nVehContrib="0" flow="0.00" occupancy="0.00" speed="-1.00" length="-1.00" nVehEntered="0"/>
    <interval begin="15.00" end="30.00" id="ild_in:nt1,nt2" nVehContrib="1" flow="240.00" occupancy="7.70" speed="4.33" length="5.00" nVehEntered="1"/>
    <interval begin="15.00" end="30.00" id="ild_in:nt1,npc" nVehContrib="2" flow="480.00" occupancy="4.04" speed="16.85" length="5.00" nVehEntered="2"/>
    <interval begin="15.00" end="30.00" id="ild_in:nt1,nt6" nVehContrib="0" flow="0.00" occupancy="0.00" speed="-1.00" length="-1.00" nVehEntered="0"/>
    <interval begin="15.00" end="30.00" id="ild_in:npc,nt3" nVehContrib="0" flow="0.00" occupancy="0.00" speed="-1.00" length="-1.00" nVehEntered="0"/>
    <interval begin="15.00" end="30.00" id="ild_in:npc,nt5" nVehContrib="1" flow="240.00" occupancy="1.74" speed="19.16" length="5.00" nVehEntered="1"/>
    <interval begin="15.00" end="30.00" id="ild_in:nt5,nt6" nVehContrib="4" flow="960.00" occupancy="6.92" speed="19.26" length="5.00" nVehEntered="4"/>
    <interval begin="15.00" end="30.00" id="ild_in:nt4,nt3" nVehContrib="2" flow="480.00" occupancy="4.06" speed="16.70" length="5.00" nVehEntered="2"/>
    <interval begin="15.00" end="30.00" id="ild_in:nt4,nt5" nVehContrib="3" flow="720.00" occupancy="13.61" speed="11.81" length="5.00" nVehEntered="4"/>
    <interval begin="15.00" end="30.00" id="ild_in:nt3,nt2" nVehContrib="0" flow="0.00" occupancy="0.00" speed="-1.00" length="-1.00" nVehEntered="0"/>
    <interval begin="15.00" end="30.00" id="ild_in:nt6,np12" nVehContrib="0" flow="0.00" occupancy="0.00" speed="-1.00" length="-1.00" nVehEntered="0"/>
    <interval begin="15.00" end="30.00" id="ild_in:nt6,np13" nVehContrib="3" flow="720.00" occupancy="7.70" speed="13.12" length="5.00" nVehEntered="3"/>
    <interval begin="15.00" end="30.00" id="ild_in:nt2,np4" nVehContrib="4" flow="960.00" occupancy="7.16" speed="18.63" length="5.00" nVehEntered="4"/>
    <interval begin="15.00" end="30.00" id="ild_in:nt2,np5" nVehContrib="0" flow="0.00" occupancy="0.00" speed="-1.00" length="-1.00" nVehEntered="0"/>
    <interval begin="15.00" end="30.00" id="ild_in:nt5,np11" nVehContrib="0" flow="0.00" occupancy="0.00" speed="-1.00" length="-1.00" nVehEntered="0"/>
    <interval begin="15.00" end="30.00" id="ild_in:nt3,np6" nVehContrib="1" flow="240.00" occupancy="1.76" speed="18.95" length="5.00" nVehEntered="1"/>
    <interval begin="30.00" end="45.00" id="ild_in:nt1,nt2" nVehContrib="3" flow="720.00" occupancy="6.50" speed="15.47" length="5.00" nVehEntered="3"/>
    <interval begin="30.00" end="45.00" id="ild_in:nt1,npc" nVehContrib="0" flow="0.00" occupancy="0.00" speed="-1.00" length="-1.00" nVehEntered="0"/>
    <interval begin="30.00" end="45.00" id="ild_in:nt1,nt6" nVehContrib="0" flow="0.00" occupancy="0.00" speed="-1.00" length="-1.00" nVehEntered="0"/>
    <interval begin="30.00" end="45.00" id="ild_in:npc,nt3" nVehContrib="1" flow="240.00" occupancy="1.77" speed="18.81" length="5.00" nVehEntered="1"/>
    <interval begin="30.00" end="45.00" id="ild_in:npc,nt5" nVehContrib="0" flow="0.00" occupancy="0.00" speed="-1.00" length="-1.00" nVehEntered="0"/>
    <interval begin="30.00" end="45.00" id="ild_in:nt5,nt6" nVehContrib="5" flow="1200.00" occupancy="10.70" speed="16.17" length="5.00" nVehEntered="5"/>
    <interval begin="30.00" end="45.00" id="ild_in:nt4,nt3" nVehContrib="1" flow="240.00" occupancy="1.74" speed="19.16" length="5.00" nVehEntered="1"/>
    <interval begin="30.00" end="45.00" id="ild_in:nt4,nt5" nVehContrib="2" flow="480.00" occupancy="6.45" speed="6.03" length="5.00" nVehEntered="1"/>
    <interval begin="30.00" end="45.00" id="ild_in:nt3,nt2" nVehContrib="1" flow="240.00" occupancy="1.75" speed="19.00" length="5.00" nVehEntered="1"/>
    <interval begin="30.00" end="45.00" id="ild_in:nt6,np12" nVehContrib="4" flow="960.00" occupancy="10.22" speed="13.47" length="5.00" nVehEntered="4"/>
    <interval begin="30.00" end="45.00" id="ild_in:nt6,np13" nVehContrib="1" flow="240.00" occupancy="1.91" speed="17.44" length="5.00" nVehEntered="1"/>
    <interval begin="30.00" end="45.00" id="ild_in:nt2,np4" nVehContrib="1" flow="240.00" occupancy="1.87" speed="17.86" length="5.00" nVehEntered="1"/>
    <interval begin="30.00" end="45.00" id="ild_in:nt2,np5" nVehContrib="0" flow="0.00" occupancy="0.00" speed="-1.00" length="-1.00" nVehEntered="0"/>
    <interval begin="30.00" end="45.00" id="ild_in:nt5,np11" nVehContrib="1" flow="240.00" occupancy="1.88" speed="17.76" length="5.00" nVehEntered="1"/>
    <interval begin="30.00" end="45.00" id="ild_in:nt3,np6" nVehContrib="0" flow="0.00" occupancy="0.00" speed="-1.00" length="-1.00" nVehEntered="0"/>
    <interval begin="45.00" end="60.00" id="ild_in:nt1,nt2" nVehContrib="2" flow="480.00" occupancy="4.88" speed="13.65" length="5.00" nVehEntered="2"/>
    <interval begin="45.00" end="60.00" id="ild_in:nt1,npc" nVehContrib="2" flow="480.00" occupancy="4.92" speed="13.60" length="5.00" nVehEntered="2"/>
    <interval begin="45.00" end="60.00" id="ild_in:nt1,nt6" nVehContrib="2" flow="480.00" occupancy="3.91" speed="17.07" length="5.00" nVehEntered="2"/>
    <interval begin="45.00" end="60.00" id="ild_in:npc,nt3" nVehContrib="1" flow="240.00" occupancy="1.89" speed="17.61" length="5.00" nVehEntered="1"/>
    <interval begin="45.00" end="60.00" id="ild_in:npc,nt5" nVehContrib="0" flow="0.00" occupancy="0.00" speed="-1.00" length="-1.00" nVehEntered="0"/>
    <interval begin="45.00" end="60.00" id="ild_in:nt5,nt6" nVehContrib="6" flow="1440.00" occupancy="10.75" speed="18.63" length="5.00" nVehEntered="6"/>
    <interval begin="45.00" end="60.00" id="ild_in:nt4,nt3" nVehContrib="1" flow="240.00" occupancy="2.20" speed="15.14" length="5.00" nVehEntered="1"/>
    <interval begin="45.00" end="60.00" id="ild_in:nt4,nt5" nVehContrib="6" flow="1440.00" occupancy="16.07" speed="12.88" length="5.00" nVehEntered="6"/>
    <interval begin="45.00" end="60.00" id="ild_in:nt3,nt2" nVehContrib="1" flow="240.00" occupancy="2.54" speed="13.14" length="5.00" nVehEntered="1"/>
    <interval begin="45.00" end="60.00" id="ild_in:nt6,np12" nVehContrib="3" flow="720.00" occupancy="5.41" speed="18.52" length="5.00" nVehEntered="3"/>
    <interval begin="45.00" end="60.00" id="ild_in:nt6,np13" nVehContrib="3" flow="720.00" occupancy="8.04" speed="12.67" length="5.00" nVehEntered="3"/>
    <interval begin="45.00" end="60.00" id="ild_in:nt2,np4" nVehContrib="0" flow="0.00" occupancy="0.00" speed="-1.00" length="-1.00" nVehEntered="0"/>
    <interval begin="45.00" end="60.00" id="ild_in:nt2,np5" nVehContrib="1" flow="240.00" occupancy="1.71" speed="19.49" length="5.00" nVehEntered="1"/>
    <interval begin="45.00" end="60.00" id="ild_in:nt5,np11" nVehContrib="2" flow="480.00" occupancy="3.61" speed="18.49" length="5.00" nVehEntered="2"/>
    <interval begin="45.00" end="60.00" id="ild_in:nt3,np6" nVehContrib="1" flow="240.00" occupancy="1.87" speed="17.81" length="5.00" nVehEntered="1"/>
    <interval begin="60.00" end="75.00" id="ild_in:nt1,nt2" nVehContrib="0" flow="0.00" occupancy="0.00" speed="-1.00" length="-1.00" nVehEntered="0"/>
    <interval begin="60.00" end="75.00" id="ild_in:nt1,npc" nVehContrib="3" flow="720.00" occupancy="6.22" speed="16.09" length="5.00" nVehEntered="3"/>
    <interval begin="60.00" end="75.00" id="ild_in:nt1,nt6" nVehContrib="0" flow="0.00" occupancy="0.00" speed="-1.00" length="-1.00" nVehEntered="0"/>
    <interval begin="60.00" end="75.00" id="ild_in:npc,nt3" nVehContrib="1" flow="240.00" occupancy="1.72" speed="19.41" length="5.00" nVehEntered="1"/>
    <interval begin="60.00" end="75.00" id="ild_in:npc,nt5" nVehContrib="0" flow="0.00" occupancy="0.00" speed="-1.00" length="-1.00" nVehEntered="0"/>
    <interval begin="60.00" end="75.00" id="ild_in:nt5,nt6" nVehContrib="6" flow="1440.00" occupancy="10.78" speed="18.58" length="5.00" nVehEntered="6"/>
    <interval begin="60.00" end="75.00" id="ild_in:nt4,nt3" nVehContrib="0" flow="0.00" occupancy="0.00" speed="-1.00" length="-1.00" nVehEntered="0"/>
    <interval begin="60.00" end="75.00" id="ild_in:nt4,nt5" nVehContrib="3" flow="720.00" occupancy="11.58" speed="10.36" length="5.00" nVehEntered="3"/>
    <interval begin="60.00" end="75.00" id="ild_in:nt3,nt2" nVehContrib="1" flow="240.00" occupancy="1.75" speed="19.03" length="5.00" nVehEntered="1"/>
    <interval begin="60.00" end="75.00" id="ild_in:nt6,np12" nVehContrib="6" flow="1440.00" occupancy="13.14" speed="15.63" length="5.00" nVehEntered="6"/>
    <interval begin="60.00" end="75.00" id="ild_in:nt6,np13" nVehContrib="0" flow="0.00" occupancy="0.00" speed="-1.00" length="-1.00" nVehEntered="0"/>
    <interval begin="60.00" end="75.00" id="ild_in:nt2,np4" nVehContrib="4" flow="960.00" occupancy="9.04" speed="15.05" length="5.00" nVehEntered="4"/>
    <interval begin="60.00" end="75.00" id="ild_in:nt2,np5" nVehContrib="0" flow="0.00" occupancy="0.00" speed="-1.00" length="-1.00" nVehEntered="0"/>
    <interval begin="60.00" end="75.00" id="ild_in:nt5,np11" nVehContrib="2" flow="480.00" occupancy="3.53" speed="18.89" length="5.00" nVehEntered="2"/>
    <interval begin="60.00" end="75.00" id="ild_in:nt3,np6" nVehContrib="0" flow="0.00" occupancy="0.00" speed="-1.00" length="-1.00" nVehEntered="0"/>
    <interval begin="75.00" end="90.00" id="ild_in:nt1,nt2" nVehContrib="0" flow="0.00" occupancy="0.00" speed="-1.00" length="-1.00" nVehEntered="0"/>
    <interval begin="75.00" end="90.00" id="ild_in:nt1,npc" nVehContrib="3" flow="720.00" occupancy="6.81" speed="14.70" length="5.00" nVehEntered="3"/>
    <interval begin="75.00" end="90.00" id="ild_in:nt1,nt6" nVehContrib="0" flow="0.00" occupancy="0.00" speed="-1.00" length="-1.00" nVehEntered="0"/>
    <interval begin="75.00" end="90.00" id="ild_in:npc,nt3" nVehContrib="3" flow="720.00" occupancy="5.40" speed="18.52" length="5.00" nVehEntered="3"/>
    <interval begin="75.00" end="90.00" id="ild_in:npc,nt5" nVehContrib="2" flow="480.00" occupancy="3.51" speed="19.01" length="5.00" nVehEntered="2"/>
    <interval begin="75.00" end="90.00" id="ild_in:nt5,nt6" nVehContrib="7" flow="1680.00" occupancy="13.14" speed="17.96" length="5.00" nVehEntered="7"/>
    <interval begin="75.00" end="90.00" id="ild_in:nt4,nt3" nVehContrib="1" flow="240.00" occupancy="2.98" speed="11.20" length="5.00" nVehEntered="1"/>
    <interval begin="75.00" end="90.00" id="ild_in:nt4,nt5" nVehContrib="2" flow="480.00" occupancy="17.58" speed="10.21" length="5.00" nVehEntered="3"/>
    <interval begin="75.00" end="90.00" id="ild_in:nt3,nt2" nVehContrib="0" flow="0.00" occupancy="0.00" speed="-1.00" length="-1.00" nVehEntered="0"/>
    <interval begin="75.00" end="90.00" id="ild_in:nt6,np12" nVehContrib="9" flow="2160.00" occupancy="16.39" speed="18.35" length="5.00" nVehEntered="9"/>
    <interval begin="75.00" end="90.00" id="ild_in:nt6,np13" nVehContrib="0" flow="0.00" occupancy="0.00" speed="-1.00" length="-1.00" nVehEntered="0"/>
    <interval begin="75.00" end="90.00" id="ild_in:nt2,np4" nVehContrib="3" flow="720.00" occupancy="8.12" speed="12.64" length="5.00" nVehEntered="3"/>
    <interval begin="75.00" end="90.00" id="ild_in:nt2,np5" nVehContrib="2" flow="480.00" occupancy="4.41" speed="15.89" length="5.00" nVehEntered="2"/>
    <interval begin="75.00" end="90.00" id="ild_in:nt5,np11" nVehContrib="1" flow="240.00" occupancy="1.73" speed="19.29" length="5.00" nVehEntered="1"/>
    <interval begin="75.00" end="90.00" id="ild_in:nt3,np6" nVehContrib="2" flow="480.00" occupancy="5.16" speed="13.27" length="5.00" nVehEntered="2"/>
    <interval begin="90.00" end="105.00" id="ild_in:nt1,nt2" nVehContrib="1" flow="240.00" occupancy="3.35" speed="9.94" length="5.00" nVehEntered="1"/>
    <interval begin="90.00" end="105.00" id="ild_in:nt1,npc" nVehContrib="1" flow="240.00" occupancy="1.74" speed="19.13" length="5.00" nVehEntered="1"/>
    <interval begin="90.00" end="105.00" id="ild_in:nt1,nt6" nVehContrib="0" flow="0.00" occupancy="0.00" speed="-1.00" length="-1.00" nVehEntered="0"/>
    <interval begin="90.00" end="105.00" id="ild_in:npc,nt3" nVehContrib="1" flow="240.00" occupancy="1.82" speed="18.31" length="5.00" nVehEntered="1"/>
    <interval begin="90.00" end="105.00" id="ild_in:npc,nt5" nVehContrib="0" flow="0.00" occupancy="0.00" speed="-1.00" length="-1.00" nVehEntered="0"/>
    <interval begin="90.00" end="105.00" id="ild_in:nt5,nt6" nVehContrib="3" flow="720.00" occupancy="5.53" speed="18.10" length="5.00" nVehEntered="3"/>
    <interval begin="90.00" end="105.00" id="ild_in:nt4,nt3" nVehContrib="3" flow="720.00" occupancy="6.17" speed="16.54" length="5.00" nVehEntered="3"/>
    <interval begin="90.00" end="105.00" id="ild_in:nt4,nt5" nVehContrib="3" flow="720.00" occupancy="16.39" speed="6.23" length="5.00" nVehEntered="2"/>
    <interval begin="90.00" end="105.00" id="ild_in:nt3,nt2" nVehContrib="2" flow="480.00" occupancy="3.60" speed="18.52" length="5.00" nVehEntered="2"/>
    <interval begin="90.00" end="105.00" id="ild_in:nt6,np12" nVehContrib="1" flow="240.00" occupancy="1.86" speed="17.92" length="5.00" nVehEntered="1"/>
    <interval begin="90.00" end="105.00" id="ild_in:nt6,np13" nVehContrib="5" flow="1200.00" occupancy="11.74" speed="14.86" length="5.00" nVehEntered="6"/>
    <interval begin="90.00" end="105.00" id="ild_in:nt2,np4" nVehContrib="1" flow="240.00" occupancy="1.74" speed="19.13" length="5.00" nVehEntered="1"/>
    <interval begin="90.00" end="105.00" id="ild_in:nt2,np5" nVehContrib="0" flow="0.00" occupancy="0.00" speed="-1.00" length="-1.00" nVehEntered="0"/>
    <interval begin="90.00" end="105.00" id="ild_in:nt5,np11" nVehContrib="2" flow="480.00" occupancy="3.49" speed="19.12" length="5.00" nVehEntered="2"/>
    <interval begin="90.00" end="105.00" id="ild_in:nt3,np6" nVehContrib="0" flow="0.00" occupancy="0.00" speed="-1.00" length="-1.00" nVehEntered="0"/>
    <interval begin="105.00" end="120.00" id="ild_in:nt1,nt2" nVehContrib="2" flow="480.00" occupancy="5.91" speed="13.43" length="5.00" nVehEntered="2"/>
    <interval begin="105.00" end="120.00" id="ild_in:nt1,npc" nVehContrib="1" flow="240.00" occupancy="2.52" speed="13.23" length="5.00" nVehEntered="1"/>
    <interval begin="105.00" end="120.00" id="ild_in:nt1,nt6" nVehContrib="1" flow="240.00" occupancy="2.31" speed="14.45" length="5.00" nVehEntered="1"/>
    <interval begin="105.00" end="120.00" id="ild_in:npc,nt3" nVehContrib="0" flow="0.00" occupancy="0.00" speed="-1.00" length="-1.00" nVehEntered="0"/>
    <interval begin="105.00" end="120.00" id="ild_in:npc,nt5" nVehContrib="1" flow="240.00" occupancy="1.71" speed="19.55" length="5.00" nVehEntered="1"/>
    <interval begin="105.00" end="120.00" id="ild_in:nt5,nt6" nVehContrib="3" flow="720.00" occupancy="7.25" speed="13.91" length="5.00" nVehEntered="3"/>
    <interval begin="105.00" end="120.00" id="ild_in:nt4,nt3" nVehContrib="2" flow="480.00" occupancy="4.32" speed="15.72" length="5.00" nVehEntered="2"/>
    <interval begin="105.00" end="120.00" id="ild_in:nt4,nt5" nVehContrib="2" flow="480.00" occupancy="4.93" speed="13.56" length="5.00" nVehEntered="2"/>
    <interval begin="105.00" end="120.00" id="ild_in:nt3,nt2" nVehContrib="1" flow="240.00" occupancy="1.73" speed="19.26" length="5.00" nVehEntered="1"/>
    <interval begin="105.00" end="120.00" id="ild_in:nt6,np12" nVehContrib="3" flow="720.00" occupancy="7.68" speed="13.44" length="5.00" nVehEntered="3"/>
    <interval begin="105.00" end="120.00" id="ild_in:nt6,np13" nVehContrib="4" flow="960.00" occupancy="6.95" speed="18.29" length="5.00" nVehEntered="3"/>
    <interval begin="105.00" end="120.00" id="ild_in:nt2,np4" nVehContrib="9" flow="2160.00" occupancy="19.51" speed="15.76" length="5.00" nVehEntered="9"/>
    <interval begin="105.00" end="120.00" id="ild_in:nt2,np5" nVehContrib="0" flow="0.00" occupancy="0.00" speed="-1.00" length="-1.00" nVehEntered="0"/>
    <interval begin="105.00" end="120.00" id="ild_in:nt5,np11" nVehContrib="3" flow="720.00" occupancy="7.48" speed="13.50" length="5.00" nVehEntered="3"/>
    <interval begin="105.00" end="120.00" id="ild_in:nt3,np6" nVehContrib="3" flow="720.00" occupancy="7.04" speed="14.38" length="5.00" nVehEntered="3"/>
    <interval begin="120.00" end="135.00" id="ild_in:nt1,nt2" nVehContrib="0" flow="0.00" occupancy="0.00" speed="-1.00" length="-1.00" nVehEntered="0"/>
    <interval begin="120.00" end="135.00" id="ild_in:nt1,npc" nVehContrib="3" flow="720.00" occupancy="7.02" speed="14.75" length="5.00" nVehEntered="3"/>
    <interval begin="120.00" end="135.00" id="ild_in:nt1,nt6" nVehContrib="1" flow="240.00" occupancy="4.47" speed="7.46" length="5.00" nVehEntered="1"/>
    <interval begin="120.00" end="135.00" id="ild_in:npc,nt3" nVehContrib="1" flow="240.00" occupancy="1.70" speed="19.66" length="5.00" nVehEntered="1"/>
    <interval begin="120.00" end="135.00" id="ild_in:npc,nt5" nVehContrib="1" flow="240.00" occupancy="1.88" speed="17.74" length="5.00" nVehEntered="1"/>
    <interval begin="120.00" end="135.00" id="ild_in:nt5,nt6" nVehContrib="8" flow="1920.00" occupancy="14.25" speed="18.74" length="5.00" nVehEntered="8"/>
    <interval begin="120.00" end="135.00" id="ild_in:nt4,nt3" nVehContrib="0" flow="0.00" occupancy="0.00" speed="-1.00" length="-1.00" nVehEntered="0"/>
    <interval begin="120.00" end="135.00" id="ild_in:nt4,nt5" nVehContrib="4" flow="960.00" occupancy="24.65" speed="8.50" length="5.00" nVehEntered="4"/>
    <interval begin="120.00" end="135.00" id="ild_in:nt3,nt2" nVehContrib="1" flow="240.00" occupancy="2.81" speed="11.88" length="5.00" nVehEntered="1"/>
    <interval begin="120.00" end="135.00" id="ild_in:nt6,np12" nVehContrib="9" flow="2160.00" occupancy="16.59" speed="18.13" length="5.00" nVehEntered="9"/>
    <interval begin="120.00" end="135.00" id="ild_in:nt6,np13" nVehContrib="0" flow="0.00" occupancy="0.00" speed="-1.00" length="-1.00" nVehEntered="0"/>
    <interval begin="120.00" end="135.00" id="ild_in:nt2,np4" nVehContrib="7" flow="1680.00" occupancy="12.47" speed="18.73" length="5.00" nVehEntered="7"/>
    <interval begin="120.00" end="135.00" id="ild_in:nt2,np5" nVehContrib="0" flow="0.00" occupancy="0.00" speed="-1.00" length="-1.00" nVehEntered="0"/>
    <interval begin="120.00" end="135.00" id="ild_in:nt5,np11" nVehContrib="1" flow="240.00" occupancy="1.73" speed="19.25" length="5.00" nVehEntered="1"/>
    <interval begin="120.00" end="135.00" id="ild_in:nt3,np6" nVehContrib="2" flow="480.00" occupancy="4.47" speed="15.05" length="5.00" nVehEntered="2"/>
    <interval begin="135.00" end="150.00" id="ild_in:nt1,nt2" nVehContrib="0" flow="0.00" occupancy="6.67" speed="-1.00" length="-1.00" nVehEntered="1"/>
    <interval begin="135.00" end="150.00" id="ild_in:nt1,npc" nVehContrib="2" flow="480.00" occupancy="3.68" speed="18.15" length="5.00" nVehEntered="2"/>
    <interval begin="135.00" end="150.00" id="ild_in:nt1,nt6" nVehContrib="6" flow="1440.00" occupancy="17.98" speed="14.71" length="5.00" nVehEntered="6"/>
    <interval begin="135.00" end="150.00" id="ild_in:npc,nt3" nVehContrib="1" flow="240.00" occupancy="3.17" speed="19.38" length="5.00" nVehEntered="2"/>
    <interval begin="135.00" end="150.00" id="ild_in:npc,nt5" nVehContrib="1" flow="240.00" occupancy="1.70" speed="19.63" length="5.00" nVehEntered="1"/>
    <interval begin="135.00" end="150.00" id="ild_in:nt5,nt6" nVehContrib="6" flow="1440.00" occupancy="11.86" speed="17.47" length="5.00" nVehEntered="6"/>
    <interval begin="135.00" end="150.00" id="ild_in:nt4,nt3" nVehContrib="1" flow="240.00" occupancy="2.48" speed="13.42" length="5.00" nVehEntered="1"/>
    <interval begin="135.00" end="150.00" id="ild_in:nt4,nt5" nVehContrib="3" flow="720.00" occupancy="29.13" speed="5.27" length="5.00" nVehEntered="4"/>
    <interval begin="135.00" end="150.00" id="ild_in:nt3,nt2" nVehContrib="1" flow="240.00" occupancy="2.98" speed="11.17" length="5.00" nVehEntered="1"/>
    <interval begin="135.00" end="150.00" id="ild_in:nt6,np12" nVehContrib="9" flow="2160.00" occupancy="16.37" speed="18.39" length="5.00" nVehEntered="9"/>
    <interval begin="135.00" end="150.00" id="ild_in:nt6,np13" nVehContrib="0" flow="0.00" occupancy="0.00" speed="-1.00" length="-1.00" nVehEntered="0"/>
    <interval begin="135.00" end="150.00" id="ild_in:nt2,np4" nVehContrib="0" flow="0.00" occupancy="0.00" speed="-1.00" length="-1.00" nVehEntered="0"/>
    <interval begin="135.00" end="150.00" id="ild_in:nt2,np5" nVehContrib="4" flow="960.00" occupancy="9.72" speed="14.26" length="5.00" nVehEntered="4"/>
    <interval begin="135.00" end="150.00" id="ild_in:nt5,np11" nVehContrib="0" flow="0.00" occupancy="0.00" speed="-1.00" length="-1.00" nVehEntered="0"/>
    <interval begin="135.00" end="150.00" id="ild_in:nt3,np6" nVehContrib="1" flow="240.00" occupancy="2.22" speed="15.05" length="5.00" nVehEntered="1"/>
    <interval begin="150.00" end="165.00" id="ild_in:nt1,nt2" nVehContrib="2" flow="480.00" occupancy="7.75" speed="9.07" length="5.00" nVehEntered="1"/>
    <interval begin="150.00" end="165.00" id="ild_in:nt1,npc" nVehContrib="2" flow="480.00" occupancy="3.70" speed="18.18" length="5.00" nVehEntered="2"/>
    <interval begin="150.00" end="165.00" id="ild_in:nt1,nt6" nVehContrib="2" flow="480.00" occupancy="8.36" speed="9.47" length="5.00" nVehEntered="2"/>
    <interval begin="150.00" end="165.00" id="ild_in:npc,nt3" nVehContrib="2" flow="480.00" occupancy="2.09" speed="18.81" length="5.00" nVehEntered="1"/>
    <interval begin="150.00" end="165.00" id="ild_in:npc,nt5" nVehContrib="0" flow="0.00" occupancy="0.00" speed="-1.00" length="-1.00" nVehEntered="0"/>
    <interval begin="150.00" end="165.00" id="ild_in:nt5,nt6" nVehContrib="5" flow="1200.00" occupancy="9.92" speed="16.91" length="5.00" nVehEntered="5"/>
    <interval begin="150.00" end="165.00" id="ild_in:nt4,nt3" nVehContrib="1" flow="240.00" occupancy="2.46" speed="13.54" length="5.00" nVehEntered="1"/>
    <interval begin="150.00" end="165.00" id="ild_in:nt4,nt5" nVehContrib="5" flow="1200.00" occupancy="32.92" speed="4.97" length="5.00" nVehEntered="4"/>
    <interval begin="150.00" end="165.00" id="ild_in:nt3,nt2" nVehContrib="2" flow="480.00" occupancy="4.77" speed="14.66" length="5.00" nVehEntered="2"/>
    <interval begin="150.00" end="165.00" id="ild_in:nt6,np12" nVehContrib="4" flow="960.00" occupancy="7.17" speed="18.64" length="5.00" nVehEntered="4"/>
    <interval begin="150.00" end="165.00" id="ild_in:nt6,np13" nVehContrib="0" flow="0.00" occupancy="0.00" speed="-1.00" length="-1.00" nVehEntered="0"/>
    <interval begin="150.00" end="165.00" id="ild_in:nt2,np4" nVehContrib="4" flow="960.00" occupancy="9.76" speed="14.00" length="5.00" nVehEntered="4"/>
    <interval begin="150.00" end="165.00" id="ild_in:nt2,np5" nVehContrib="0" flow="0.00" occupancy="0.00" speed="-1.00" length="-1.00" nVehEntered="0"/>
    <interval begin="150.00" end="165.00" id="ild_in:nt5,np11" nVehContrib="1" flow="240.00" occupancy="2.82" speed="11.83" length="5.00" nVehEntered="1"/>
    <interval begin="150.00" end="165.00" id="ild_in:nt3,np6" nVehContrib="1" flow="240.00" occupancy="2.08" speed="16.00" length="5.00" nVehEntered="1"/>
    <interval begin="165.00" end="180.00" id="ild_in:nt1,nt2" nVehContrib="2" flow="480.00" occupancy="5.49" speed="14.34" length="5.00" nVehEntered="2"/>
    <interval begin="165.00" end="180.00" id="ild_in:nt1,npc" nVehContrib="2" flow="480.00" occupancy="4.31" speed="15.81" length="5.00" nVehEntered="2"/>
    <interval begin="165.00" end="180.00" id="ild_in:nt1,nt6" nVehContrib="0" flow="0.00" occupancy="0.00" speed="-1.00" length="-1.00" nVehEntered="0"/>
    <interval begin="165.00" end="180.00" id="ild_in:npc,nt3" nVehContrib="2" flow="480.00" occupancy="3.58" speed="18.63" length="5.00" nVehEntered="2"/>
    <interval begin="165.00" end="180.00" id="ild_in:npc,nt5" nVehContrib="1" flow="240.00" occupancy="1.83" speed="18.23" length="5.00" nVehEntered="1"/>
    <interval begin="165.00" end="180.00" id="ild_in:nt5,nt6" nVehContrib="7" flow="1680.00" occupancy="14.09" speed="16.80" length="5.00" nVehEntered="7"/>
    <interval begin="165.00" end="180.00" id="ild_in:nt4,nt3" nVehContrib="3" flow="720.00" occupancy="7.46" speed="14.02" length="5.00" nVehEntered="3"/>
    <interval begin="165.00" end="180.00" id="ild_in:nt4,nt5" nVehContrib="4" flow="960.00" occupancy="20.01" speed="7.89" length="5.00" nVehEntered="4"/>
    <interval begin="165.00" end="180.00" id="ild_in:nt3,nt2" nVehContrib="1" flow="240.00" occupancy="1.76" speed="18.90" length="5.00" nVehEntered="1"/>
    <interval begin="165.00" end="180.00" id="ild_in:nt6,np12" nVehContrib="2" flow="480.00" occupancy="3.64" speed="18.32" length="5.00" nVehEntered="2"/>
    <interval begin="165.00" end="180.00" id="ild_in:nt6,np13" nVehContrib="3" flow="720.00" occupancy="7.31" speed="13.77" length="5.00" nVehEntered="3"/>
    <interval begin="165.00" end="180.00" id="ild_in:nt2,np4" nVehContrib="0" flow="0.00" occupancy="0.00" speed="-1.00" length="-1.00" nVehEntered="0"/>
    <interval begin="165.00" end="180.00" id="ild_in:nt2,np5" nVehContrib="3" flow="720.00" occupancy="7.35" speed="13.89" length="5.00" nVehEntered="3"/>
    <interval begin="165.00" end="180.00" id="ild_in:nt5,np11" nVehContrib="0" flow="0.00" occupancy="0.00" speed="-1.00" length="-1.00" nVehEntered="0"/>
    <interval begin="165.00" end="180.00" id="ild_in:nt3,np6" nVehContrib="0" flow="0.00" occupancy="0.00" speed="-1.00" length="-1.00" nVehEntered="0"/>
    <interval begin="180.00" end="195.00" id="ild_in:nt1,nt2" nVehContrib="2" flow="480.00" occupancy="4.66" speed="14.35" length="5.00" nVehEntered="2"/>
    <interval begin="180.00" end="195.00" id="ild_in:nt1,npc" nVehContrib="1" flow="240.00" occupancy="2.39" speed="13.97" length="5.00" nVehEntered="1"/>
    <interval begin="180.00" end="195.00" id="ild_in:nt1,nt6" nVehContrib="3" flow="720.00" occupancy="14.83" speed="7.18" length="5.00" nVehEntered="3"/>
    <interval begin="180.00" end="195.00" id="ild_in:npc,nt3" nVehContrib="1" flow="240.00" occupancy="1.86" speed="17.91" length="5.00" nVehEntered="1"/>
    <interval begin="180.00" end="195.00" id="ild_in:npc,nt5" nVehContrib="0" flow="0.00" occupancy="0.00" speed="-1.00" length="-1.00" nVehEntered="0"/>
    <interval begin="180.00" end="195.00" id="ild_in:nt5,nt6" nVehContrib="5" flow="1200.00" occupancy="9.77" speed="17.57" length="5.00" nVehEntered="5"/>
    <interval begin="180.00" end="195.00" id="ild_in:nt4,nt3" nVehContrib="1" flow="240.00" occupancy="2.40" speed="13.88" length="5.00" nVehEntered="1"/>
    <interval begin="180.00" end="195.00" id="ild_in:nt4,nt5" nVehContrib="4" flow="960.00" occupancy="41.32" speed="4.54" length="5.00" nVehEntered="4"/>
    <interval begin="180.00" end="195.00" id="ild_in:nt3,nt2" nVehContrib="1" flow="240.00" occupancy="1.70" speed="19.63" length="5.00" nVehEntered="1"/>
    <interval begin="180.00" end="195.00" id="ild_in:nt6,np12" nVehContrib="6" flow="1440.00" occupancy="12.49" speed="16.32" length="5.00" nVehEntered="6"/>
    <interval begin="180.00" end="195.00" id="ild_in:nt6,np13" nVehContrib="1" flow="240.00" occupancy="1.79" speed="18.57" length="5.00" nVehEntered="1"/>
    <interval begin="180.00" end="195.00" id="ild_in:nt2,np4" nVehContrib="6" flow="1440.00" occupancy="12.75" speed="16.09" length="5.00" nVehEntered="6"/>
    <interval begin="180.00" end="195.00" id="ild_in:nt2,np5" nVehContrib="0" flow="0.00" occupancy="0.00" speed="-1.00" length="-1.00" nVehEntered="0"/>
    <interval begin="180.00" end="195.00" id="ild_in:nt5,np11" nVehContrib="2" flow="480.00" occupancy="3.76" speed="17.73" length="5.00" nVehEntered="2"/>
    <interval begin="180.00" end="195.00" id="ild_in:nt3,np6" nVehContrib="1" flow="240.00" occupancy="1.75" speed="19.04" length="5.00" nVehEntered="1"/>
    <interval begin="195.00" end="210.00" id="ild_in:nt1,nt2" nVehContrib="4" flow="960.00" occupancy="11.70" speed="13.10" length="5.00" nVehEntered="4"/>
    <interval begin="195.00" end="210.00" id="ild_in:nt1,npc" nVehContrib="1" flow="240.00" occupancy="1.75" speed="19.08" length="5.00" nVehEntered="1"/>
    <interval begin="195.00" end="210.00" id="ild_in:nt1,nt6" nVehContrib="6" flow="1440.00" occupancy="29.44" speed="8.37" length="5.00" nVehEntered="6"/>
    <interval begin="195.00" end="210.00" id="ild_in:npc,nt3" nVehContrib="1" flow="240.00" occupancy="1.75" speed="19.06" length="5.00" nVehEntered="1"/>
    <interval begin="195.00" end="210.00" id="ild_in:npc,nt5" nVehContrib="0" flow="0.00" occupancy="0.00" speed="-1.00" length="-1.00" nVehEntered="0"/>
    <interval begin="195.00" end="210.00" id="ild_in:nt5,nt6" nVehContrib="4" flow="960.00" occupancy="10.30" speed="13.04" length="5.00" nVehEntered="4"/>
    <interval begin="195.00" end="210.00" id="ild_in:nt4,nt3" nVehContrib="3" flow="720.00" occupancy="6.59" speed="15.53" length="5.00" nVehEntered="3"/>
    <interval begin="195.00" end="210.00" id="ild_in:nt4,nt5" nVehContrib="3" flow="720.00" occupancy="29.41" speed="4.99" length="5.00" nVehEntered="3"/>
    <interval begin="195.00" end="210.00" id="ild_in:nt3,nt2" nVehContrib="5" flow="1200.00" occupancy="10.92" speed="15.57" length="5.00" nVehEntered="5"/>
    <interval begin="195.00" end="210.00" id="ild_in:nt6,np12" nVehContrib="9" flow="2160.00" occupancy="15.93" speed="18.86" length="5.00" nVehEntered="9"/>
    <interval begin="195.00" end="210.00" id="ild_in:nt6,np13" nVehContrib="0" flow="0.00" occupancy="0.00" speed="-1.00" length="-1.00" nVehEntered="0"/>
    <interval begin="195.00" end="210.00" id="ild_in:nt2,np4" nVehContrib="4" flow="960.00" occupancy="7.42" speed="18.04" length="5.00" nVehEntered="4"/>
    <interval begin="195.00" end="210.00" id="ild_in:nt2,np5" nVehContrib="3" flow="720.00" occupancy="7.60" speed="13.36" length="5.00" nVehEntered="3"/>
    <interval begin="195.00" end="210.00" id="ild_in:nt5,np11" nVehContrib="1" flow="240.00" occupancy="3.02" speed="11.05" length="5.00" nVehEntered="1"/>
    <interval begin="195.00" end="210.00" id="ild_in:nt3,np6" nVehContrib="1" flow="240.00" occupancy="1.70" speed="19.63" length="5.00" nVehEntered="1"/>
    <interval begin="210.00" end="225.00" id="ild_in:nt1,nt2" nVehContrib="4" flow="960.00" occupancy="18.41" speed="9.36" length="5.00" nVehEntered="4"/>
    <interval begin="210.00" end="225.00" id="ild_in:nt1,npc" nVehContrib="1" flow="240.00" occupancy="2.05" speed="16.28" length="5.00" nVehEntered="1"/>
    <interval begin="210.00" end="225.00" id="ild_in:nt1,nt6" nVehContrib="2" flow="480.00" occupancy="10.41" speed="6.46" length="5.00" nVehEntered="2"/>
    <interval begin="210.00" end="225.00" id="ild_in:npc,nt3" nVehContrib="0" flow="0.00" occupancy="0.00" speed="-1.00" length="-1.00" nVehEntered="0"/>
    <interval begin="210.00" end="225.00" id="ild_in:npc,nt5" nVehContrib="1" flow="240.00" occupancy="1.74" speed="19.18" length="5.00" nVehEntered="1"/>
    <interval begin="210.00" end="225.00" id="ild_in:nt5,nt6" nVehContrib="6" flow="1440.00" occupancy="11.94" speed="16.88" length="5.00" nVehEntered="6"/>
    <interval begin="210.00" end="225.00" id="ild_in:nt4,nt3" nVehContrib="0" flow="0.00" occupancy="0.00" speed="-1.00" length="-1.00" nVehEntered="0"/>
    <interval begin="210.00" end="225.00" id="ild_in:nt4,nt5" nVehContrib="3" flow="720.00" occupancy="54.34" speed="2.66" length="5.00" nVehEntered="3"/>
    <interval begin="210.00" end="225.00" id="ild_in:nt3,nt2" nVehContrib="1" flow="240.00" occupancy="2.92" speed="11.41" length="5.00" nVehEntered="1"/>
    <interval begin="210.00" end="225.00" id="ild_in:nt6,np12" nVehContrib="6" flow="1440.00" occupancy="10.96" speed="18.29" length="5.00" nVehEntered="6"/>
    <interval begin="210.00" end="225.00" id="ild_in:nt6,np13" nVehContrib="0" flow="0.00" occupancy="0.00" speed="-1.00" length="-1.00" nVehEntered="0"/>
    <interval begin="210.00" end="225.00" id="ild_in:nt2,np4" nVehContrib="5" flow="1200.00" occupancy="11.59" speed="14.79" length="5.00" nVehEntered="6"/>
    <interval begin="210.00" end="225.00" id="ild_in:nt2,np5" nVehContrib="1" flow="240.00" occupancy="2.22" speed="15.02" length="5.00" nVehEntered="1"/>
    <interval begin="210.00" end="225.00" id="ild_in:nt5,np11" nVehContrib="2" flow="480.00" occupancy="3.54" speed="18.81" length="5.00" nVehEntered="2"/>
    <interval begin="210.00" end="225.00" id="ild_in:nt3,np6" nVehContrib="1" flow="240.00" occupancy="2.43" speed="13.71" length="5.00" nVehEntered="1"/>
    <interval begin="225.00" end="240.00" id="ild_in:nt1,nt2" nVehContrib="2" flow="480.00" occupancy="7.98" speed="9.56" length="5.00" nVehEntered="3"/>
    <interval begin="225.00" end="240.00" id="ild_in:nt1,npc" nVehContrib="1" flow="240.00" occupancy="2.20" speed="15.16" length="5.00" nVehEntered="1"/>
    <interval begin="225.00" end="240.00" id="ild_in:nt1,nt6" nVehContrib="2" flow="480.00" occupancy="55.00" speed="2.16" length="5.00" nVehEntered="2"/>
    <interval begin="225.00" end="240.00" id="ild_in:npc,nt3" nVehContrib="0" flow="0.00" occupancy="0.00" speed="-1.00" length="-1.00" nVehEntered="0"/>
    <interval begin="225.00" end="240.00" id="ild_in:npc,nt5" nVehContrib="1" flow="240.00" occupancy="1.74" speed="19.11" length="5.00" nVehEntered="1"/>
    <interval begin="225.00" end="240.00" id="ild_in:nt5,nt6" nVehContrib="7" flow="1680.00" occupancy="13.77" speed="17.10" length="5.00" nVehEntered="7"/>
    <interval begin="225.00" end="240.00" id="ild_in:nt4,nt3" nVehContrib="2" flow="480.00" occupancy="5.73" speed="11.69" length="5.00" nVehEntered="2"/>
    <interval begin="225.00" end="240.00" id="ild_in:nt4,nt5" nVehContrib="2" flow="480.00" occupancy="31.83" speed="4.17" length="5.00" nVehEntered="3"/>
    <interval begin="225.00" end="240.00" id="ild_in:nt3,nt2" nVehContrib="1" flow="240.00" occupancy="2.93" speed="11.38" length="5.00" nVehEntered="1"/>
    <interval begin="225.00" end="240.00" id="ild_in:nt6,np12" nVehContrib="2" flow="480.00" occupancy="3.89" speed="17.40" length="5.00" nVehEntered="2"/>
    <interval begin="225.00" end="240.00" id="ild_in:nt6,np13" nVehContrib="3" flow="720.00" occupancy="7.28" speed="14.03" length="5.00" nVehEntered="3"/>
    <interval begin="225.00" end="240.00" id="ild_in:nt2,np4" nVehContrib="5" flow="1200.00" occupancy="9.30" speed="17.82" length="5.00" nVehEntered="4"/>
    <interval begin="225.00" end="240.00" id="ild_in:nt2,np5" nVehContrib="3" flow="720.00" occupancy="6.50" speed="15.46" length="5.00" nVehEntered="3"/>
    <interval begin="225.00" end="240.00" id="ild_in:nt5,np11" nVehContrib="1" flow="240.00" occupancy="1.88" speed="17.71" length="5.00" nVehEntered="1"/>
    <interval begin="225.00" end="240.00" id="ild_in:nt3,np6" nVehContrib="1" flow="240.00" occupancy="2.67" speed="12.49" length="5.00" nVehEntered="1"/>
    <interval begin="240.00" end="255.00" id="ild_in:nt1,nt2" nVehContrib="3" flow="720.00" occupancy="36.86" speed="5.14" length="5.00" nVehEntered="2"/>
    <interval begin="240.00" end="255.00" id="ild_in:nt1,npc" nVehContrib="3" flow="720.00" occupancy="8.01" speed="12.80" length="5.00" nVehEntered="3"/>
    <interval begin="240.00" end="255.00" id="ild_in:nt1,nt6" nVehContrib="2" flow="480.00" occupancy="44.54" speed="1.63" length="5.00" nVehEntered="2"/>
    <interval begin="240.00" end="255.00" id="ild_in:npc,nt3" nVehContrib="1" flow="240.00" occupancy="1.85" speed="18.04" length="5.00" nVehEntered="1"/>
    <interval begin="240.00" end="255.00" id="ild_in:npc,nt5" nVehContrib="0" flow="0.00" occupancy="0.00" speed="-1.00" length="-1.00" nVehEntered="0"/>
    <interval begin="240.00" end="255.00" id="ild_in:nt5,nt6" nVehContrib="1" flow="240.00" occupancy="2.53" speed="13.17" length="5.00" nVehEntered="1"/>
    <interval begin="240.00" end="255.00" id="ild_in:nt4,nt3" nVehContrib="1" flow="240.00" occupancy="1.71" speed="19.46" length="5.00" nVehEntered="1"/>
    <interval begin="240.00" end="255.00" id="ild_in:nt4,nt5" nVehContrib="7" flow="1680.00" occupancy="32.52" speed="8.56" length="5.00" nVehEntered="6"/>
    <interval begin="240.00" end="255.00" id="ild_in:nt3,nt2" nVehContrib="2" flow="480.00" occupancy="3.68" speed="18.14" length="5.00" nVehEntered="2"/>
    <interval begin="240.00" end="255.00" id="ild_in:nt6,np12" nVehContrib="4" flow="960.00" occupancy="9.51" speed="14.36" length="5.00" nVehEntered="4"/>
    <interval begin="240.00" end="255.00" id="ild_in:nt6,np13" nVehContrib="1" flow="240.00" occupancy="1.86" speed="17.89" length="5.00" nVehEntered="1"/>
    <interval begin="240.00" end="255.00" id="ild_in:nt2,np4" nVehContrib="0" flow="0.00" occupancy="0.00" speed="-1.00" length="-1.00" nVehEntered="0"/>
    <interval begin="240.00" end="255.00" id="ild_in:nt2,np5" nVehContrib="2" flow="480.00" occupancy="3.69" speed="18.11" length="5.00" nVehEntered="2"/>
    <interval begin="240.00" end="255.00" id="ild_in:nt5,np11" nVehContrib="2" flow="480.00" occupancy="5.33" speed="12.55" length="5.00" nVehEntered="2"/>
    <interval begin="240.00" end="255.00" id="ild_in:nt3,np6" nVehContrib="0" flow="0.00" occupancy="0.00" speed="-1.00" length="-1.00" nVehEntered="0"/>
    <interval begin="255.00" end="270.00" id="ild_in:nt1,nt2" nVehContrib="2" flow="480.00" occupancy="5.50" speed="12.18" length="5.00" nVehEntered="2"/>
    <interval begin="255.00" end="270.00" id="ild_in:nt1,npc" nVehContrib="1" flow="240.00" occupancy="3.09" speed="10.78" length="5.00" nVehEntered="1"/>
    <interval begin="255.00" end="270.00" id="ild_in:nt1,nt6" nVehContrib="0" flow="0.00" occupancy="63.12" speed="-1.00" length="-1.00" nVehEntered="1"/>
    <interval begin="255.00" end="270.00" id="ild_in:npc,nt3" nVehContrib="1" flow="240.00" occupancy="1.79" speed="18.58" length="5.00" nVehEntered="1"/>
    <interval begin="255.00" end="270.00" id="ild_in:npc,nt5" nVehContrib="2" flow="480.00" occupancy="3.58" speed="18.68" length="5.00" nVehEntered="2"/>
    <interval begin="255.00" end="270.00" id="ild_in:nt5,nt6" nVehContrib="3" flow="720.00" occupancy="7.27" speed="14.07" length="5.00" nVehEntered="3"/>
    <interval begin="255.00" end="270.00" id="ild_in:nt4,nt3" nVehContrib="4" flow="960.00" occupancy="9.41" speed="14.97" length="5.00" nVehEntered="4"/>
    <interval begin="255.00" end="270.00" id="ild_in:nt4,nt5" nVehContrib="4" flow="960.00" occupancy="29.58" speed="5.69" length="5.00" nVehEntered="4"/>
    <interval begin="255.00" end="270.00" id="ild_in:nt3,nt2" nVehContrib="0" flow="0.00" occupancy="0.00" speed="-1.00" length="-1.00" nVehEntered="0"/>
    <interval begin="255.00" end="270.00" id="ild_in:nt6,np12" nVehContrib="3" flow="720.00" occupancy="7.69" speed="13.21" length="5.00" nVehEntered="3"/>
    <interval begin="255.00" end="270.00" id="ild_in:nt6,np13" nVehContrib="3" flow="720.00" occupancy="7.99" speed="12.53" length="5.00" nVehEntered="3"/>
    <interval begin="255.00" end="270.00" id="ild_in:nt2,np4" nVehContrib="0" flow="0.00" occupancy="0.00" speed="-1.00" length="-1.00" nVehEntered="0"/>
    <interval begin="255.00" end="270.00" id="ild_in:nt2,np5" nVehContrib="2" flow="480.00" occupancy="3.60" speed="18.52" length="5.00" nVehEntered="2"/>
    <interval begin="255.00" end="270.00" id="ild_in:nt5,np11" nVehContrib="1" flow="240.00" occupancy="1.86" speed="17.95" length="5.00" nVehEntered="1"/>
    <interval begin="255.00" end="270.00" id="ild_in:nt3,np6" nVehContrib="1" flow="240.00" occupancy="1.68" speed="19.83" length="5.00" nVehEntered="1"/>
    <interval begin="270.00" end="285.00" id="ild_in:nt1,nt2" nVehContrib="6" flow="1440.00" occupancy="28.41" speed="9.50" length="5.00" nVehEntered="6"/>
    <interval begin="270.00" end="285.00" id="ild_in:nt1,npc" nVehContrib="0" flow="0.00" occupancy="0.00" speed="-1.00" length="-1.00" nVehEntered="0"/>
    <interval begin="270.00" end="285.00" id="ild_in:nt1,nt6" nVehContrib="0" flow="0.00" occupancy="100.00" speed="-1.00" length="-1.00" nVehEntered="0"/>
    <interval begin="270.00" end="285.00" id="ild_in:npc,nt3" nVehContrib="0" flow="0.00" occupancy="0.00" speed="-1.00" length="-1.00" nVehEntered="0"/>
    <interval begin="270.00" end="285.00" id="ild_in:npc,nt5" nVehContrib="1" flow="240.00" occupancy="1.67" speed="19.98" length="5.00" nVehEntered="1"/>
    <interval begin="270.00" end="285.00" id="ild_in:nt5,nt6" nVehContrib="1" flow="240.00" occupancy="2.86" speed="11.65" length="5.00" nVehEntered="1"/>
    <interval begin="270.00" end="285.00" id="ild_in:nt4,nt3" nVehContrib="0" flow="0.00" occupancy="0.00" speed="-1.00" length="-1.00" nVehEntered="0"/>
    <interval begin="270.00" end="285.00" id="ild_in:nt4,nt5" nVehContrib="2" flow="480.00" occupancy="37.41" speed="2.01" length="5.00" nVehEntered="3"/>
    <interval begin="270.00" end="285.00" id="ild_in:nt3,nt2" nVehContrib="1" flow="240.00" occupancy="1.78" speed="18.73" length="5.00" nVehEntered="1"/>
    <interval begin="270.00" end="285.00" id="ild_in:nt6,np12" nVehContrib="6" flow="1440.00" occupancy="11.19" speed="17.90" length="5.00" nVehEntered="6"/>
    <interval begin="270.00" end="285.00" id="ild_in:nt6,np13" nVehContrib="0" flow="0.00" occupancy="0.00" speed="-1.00" length="-1.00" nVehEntered="0"/>
    <interval begin="270.00" end="285.00" id="ild_in:nt2,np4" nVehContrib="3" flow="720.00" occupancy="7.26" speed="13.93" length="5.00" nVehEntered="3"/>
    <interval begin="270.00" end="285.00" id="ild_in:nt2,np5" nVehContrib="0" flow="0.00" occupancy="0.00" speed="-1.00" length="-1.00" nVehEntered="0"/>
    <interval begin="270.00" end="285.00" id="ild_in:nt5,np11" nVehContrib="4" flow="960.00" occupancy="8.89" speed="15.20" length="5.00" nVehEntered="4"/>
    <interval begin="270.00" end="285.00" id="ild_in:nt3,np6" nVehContrib="0" flow="0.00" occupancy="0.00" speed="-1.00" length="-1.00" nVehEntered="0"/>
    <interval begin="285.00" end="300.00" id="ild_in:nt1,nt2" nVehContrib="4" flow="960.00" occupancy="33.76" speed="6.03" length="5.00" nVehEntered="4"/>
    <interval begin="285.00" end="300.00" id="ild_in:nt1,npc" nVehContrib="1" flow="240.00" occupancy="3.10" speed="10.77" length="5.00" nVehEntered="1"/>
    <interval begin="285.00" end="300.00" id="ild_in:nt1,nt6" nVehContrib="1" flow="240.00" occupancy="98.68" speed="0.13" length="5.00" nVehEntered="0"/>
    <interval begin="285.00" end="300.00" id="ild_in:npc,nt3" nVehContrib="0" flow="0.00" occupancy="0.00" speed="-1.00" length="-1.00" nVehEntered="0"/>
    <interval begin="285.00" end="300.00" id="ild_in:npc,nt5" nVehContrib="0" flow="0.00" occupancy="0.00" speed="-1.00" length="-1.00" nVehEntered="0"/>
    <interval begin="285.00" end="300.00" id="ild_in:nt5,nt6" nVehContrib="4" flow="960.00" occupancy="9.08" speed="15.05" length="5.00" nVehEntered="4"/>
    <interval begin="285.00" end="300.00" id="ild_in:nt4,nt3" nVehContrib="4" flow="960.00" occupancy="9.98" speed="14.05" length="5.00" nVehEntered="4"/>
    <interval begin="285.00" end="300.00" id="ild_in:nt4,nt5" nVehContrib="3" flow="720.00" occupancy="51.26" speed="2.58" length="5.00" nVehEntered="2"/>
    <interval begin="285.00" end="300.00" id="ild_in:nt3,nt2" nVehContrib="1" flow="240.00" occupancy="1.93" speed="17.28" length="5.00" nVehEntered="1"/>
    <interval begin="285.00" end="300.00" id="ild_in:nt6,np12" nVehContrib="0" flow="0.00" occupancy="0.00" speed="-1.00" length="-1.00" nVehEntered="0"/>
    <interval begin="285.00" end="300.00" id="ild_in:nt6,np13" nVehContrib="8" flow="1920.00" occupancy="18.10" speed="15.21" length="5.00" nVehEntered="8"/>
    <interval begin="285.00" end="300.00" id="ild_in:nt2,np4" nVehContrib="3" flow="720.00" occupancy="7.14" speed="14.23" length="5.00" nVehEntered="3"/>
    <interval begin="285.00" end="300.00" id="ild_in:nt2,np5" nVehContrib="1" flow="240.00" occupancy="1.74" speed="19.12" length="5.00" nVehEntered="1"/>
    <interval begin="285.00" end="300.00" id="ild_in:nt5,np11" nVehContrib="1" flow="240.00" occupancy="2.89" speed="11.53" length="5.00" nVehEntered="1"/>
    <interval begin="285.00" end="300.00" id="ild_in:nt3,np6" nVehContrib="2" flow="480.00" occupancy="4.69" speed="14.24" length="5.00" nVehEntered="2"/>
    <interval begin="300.00" end="315.00" id="ild_in:nt1,nt2" nVehContrib="0" flow="0.00" occupancy="84.71" speed="-1.00" length="-1.00" nVehEntered="1"/>
    <interval begin="300.00" end="315.00" id="ild_in:nt1,npc" nVehContrib="1" flow="240.00" occupancy="3.20" speed="10.43" length="5.00" nVehEntered="1"/>
    <interval begin="300.00" end="315.00" id="ild_in:nt1,nt6" nVehContrib="2" flow="480.00" occupancy="27.68" speed="2.83" length="5.00" nVehEntered="3"/>
    <interval begin="300.00" end="315.00" id="ild_in:npc,nt3" nVehContrib="0" flow="0.00" occupancy="0.00" speed="-1.00" length="-1.00" nVehEntered="0"/>
    <interval begin="300.00" end="315.00" id="ild_in:npc,nt5" nVehContrib="2" flow="480.00" occupancy="3.45" speed="19.31" length="5.00" nVehEntered="2"/>
    <interval begin="300.00" end="315.00" id="ild_in:nt5,nt6" nVehContrib="6" flow="1440.00" occupancy="11.71" speed="17.11" length="5.00" nVehEntered="6"/>
    <interval begin="300.00" end="315.00" id="ild_in:nt4,nt3" nVehContrib="0" flow="0.00" occupancy="0.00" speed="-1.00" length="-1.00" nVehEntered="0"/>
    <interval begin="300.00" end="315.00" id="ild_in:nt4,nt5" nVehContrib="2" flow="480.00" occupancy="63.20" speed="1.07" length="5.00" nVehEntered="2"/>
    <interval begin="300.00" end="315.00" id="ild_in:nt3,nt2" nVehContrib="4" flow="960.00" occupancy="7.11" speed="18.77" length="5.00" nVehEntered="4"/>
    <interval begin="300.00" end="315.00" id="ild_in:nt6,np12" nVehContrib="4" flow="960.00" occupancy="9.04" speed="15.15" length="5.00" nVehEntered="4"/>
    <interval begin="300.00" end="315.00" id="ild_in:nt6,np13" nVehContrib="1" flow="240.00" occupancy="1.86" speed="17.88" length="5.00" nVehEntered="1"/>
    <interval begin="300.00" end="315.00" id="ild_in:nt2,np4" nVehContrib="0" flow="0.00" occupancy="0.00" speed="-1.00" length="-1.00" nVehEntered="0"/>
    <interval begin="300.00" end="315.00" id="ild_in:nt2,np5" nVehContrib="3" flow="720.00" occupancy="6.77" speed="18.87" length="5.00" nVehEntered="4"/>
    <interval begin="300.00" end="315.00" id="ild_in:nt5,np11" nVehContrib="2" flow="480.00" occupancy="3.36" speed="19.85" length="5.00" nVehEntered="2"/>
    <interval begin="300.00" end="315.00" id="ild_in:nt3,np6" nVehContrib="2" flow="480.00" occupancy="3.46" speed="19.28" length="5.00" nVehEntered="2"/>
    <interval begin="315.00" end="330.00" id="ild_in:nt1,nt2" nVehContrib="0" flow="0.00" occupancy="100.00" speed="-1.00" length="-1.00" nVehEntered="0"/>
    <interval begin="315.00" end="330.00" id="ild_in:nt1,npc" nVehContrib="0" flow="0.00" occupancy="0.00" speed="-1.00" length="-1.00" nVehEntered="0"/>
    <interval begin="315.00" end="330.00" id="ild_in:nt1,nt6" nVehContrib="3" flow="720.00" occupancy="59.04" speed="1.75" length="5.00" nVehEntered="2"/>
    <interval begin="315.00" end="330.00" id="ild_in:npc,nt3" nVehContrib="0" flow="0.00" occupancy="0.00" speed="-1.00" length="-1.00" nVehEntered="0"/>
    <interval begin="315.00" end="330.00" id="ild_in:npc,nt5" nVehContrib="0" flow="0.00" occupancy="0.00" speed="-1.00" length="-1.00" nVehEntered="0"/>
    <interval begin="315.00" end="330.00" id="ild_in:nt5,nt6" nVehContrib="8" flow="1920.00" occupancy="16.16" speed="16.83" length="5.00" nVehEntered="8"/>
    <interval begin="315.00" end="330.00" id="ild_in:nt4,nt3" nVehContrib="0" flow="0.00" occupancy="0.00" speed="-1.00" length="-1.00" nVehEntered="0"/>
    <interval begin="315.00" end="330.00" id="ild_in:nt4,nt5" nVehContrib="1" flow="240.00" occupancy="33.40" speed="1.15" length="5.00" nVehEntered="2"/>
    <interval begin="315.00" end="330.00" id="ild_in:nt3,nt2" nVehContrib="0" flow="0.00" occupancy="0.00" speed="-1.00" length="-1.00" nVehEntered="0"/>
    <interval begin="315.00" end="330.00" id="ild_in:nt6,np12" nVehContrib="3" flow="720.00" occupancy="7.42" speed="13.66" length="5.00" nVehEntered="3"/>
    <interval begin="315.00" end="330.00" id="ild_in:nt6,np13" nVehContrib="3" flow="720.00" occupancy="7.33" speed="13.80" length="5.00" nVehEntered="3"/>
    <interval begin="315.00" end="330.00" id="ild_in:nt2,np4" nVehContrib="0" flow="0.00" occupancy="0.00" speed="-1.00" length="-1.00" nVehEntered="0"/>
    <interval begin="315.00" end="330.00" id="ild_in:nt2,np5" nVehContrib="2" flow="480.00" occupancy="1.95" speed="19.48" length="5.00" nVehEntered="1"/>
    <interval begin="315.00" end="330.00" id="ild_in:nt5,np11" nVehContrib="1" flow="240.00" occupancy="1.80" speed="18.48" length="5.00" nVehEntered="1"/>
    <interval begin="315.00" end="330.00" id="ild_in:nt3,np6" nVehContrib="0" flow="0.00" occupancy="0.00" speed="-1.00" length="-1.00" nVehEntered="0"/>
    <interval begin="330.00" end="345.00" id="ild_in:nt1,nt2" nVehContrib="2" flow="480.00" occupancy="59.98" speed="0.78" length="5.00" nVehEntered="2"/>
    <interval begin="330.00" end="345.00" id="ild_in:nt1,npc" nVehContrib="1" flow="240.00" occupancy="3.12" speed="10.67" length="5.00" nVehEntered="1"/>
    <interval begin="330.00" end="345.00" id="ild_in:nt1,nt6" nVehContrib="0" flow="0.00" occupancy="53.39" speed="-1.00" length="-1.00" nVehEntered="1"/>
    <interval begin="330.00" end="345.00" id="ild_in:npc,nt3" nVehContrib="0" flow="0.00" occupancy="0.00" speed="-1.00" length="-1.00" nVehEntered="0"/>
    <interval begin="330.00" end="345.00" id="ild_in:npc,nt5" nVehContrib="1" flow="240.00" occupancy="1.68" speed="19.79" length="5.00" nVehEntered="1"/>
    <interval begin="330.00" end="345.00" id="ild_in:nt5,nt6" nVehContrib="6" flow="1440.00" occupancy="14.24" speed="14.54" length="5.00" nVehEntered="6"/>
    <interval begin="330.00" end="345.00" id="ild_in:nt4,nt3" nVehContrib="3" flow="720.00" occupancy="7.69" speed="13.21" length="5.00" nVehEntered="3"/>
    <interval begin="330.00" end="345.00" id="ild_in:nt4,nt5" nVehContrib="3" flow="720.00" occupancy="37.62" speed="2.42" length="5.00" nVehEntered="2"/>
    <interval begin="330.00" end="345.00" id="ild_in:nt3,nt2" nVehContrib="0" flow="0.00" occupancy="0.00" speed="-1.00" length="-1.00" nVehEntered="0"/>
    <interval begin="330.00" end="345.00" id="ild_in:nt6,np12" nVehContrib="1" flow="240.00" occupancy="1.81" speed="18.38" length="5.00" nVehEntered="1"/>
    <interval begin="330.00" end="345.00" id="ild_in:nt6,np13" nVehContrib="3" flow="720.00" occupancy="7.88" speed="12.80" length="5.00" nVehEntered="3"/>
    <interval begin="330.00" end="345.00" id="ild_in:nt2,np4" nVehContrib="0" flow="0.00" occupancy="0.00" speed="-1.00" length="-1.00" nVehEntered="0"/>
    <interval begin="330.00" end="345.00" id="ild_in:nt2,np5" nVehContrib="0" flow="0.00" occupancy="0.00" speed="-1.00" length="-1.00" nVehEntered="0"/>
    <interval begin="330.00" end="345.00" id="ild_in:nt5,np11" nVehContrib="0" flow="0.00" occupancy="0.00" speed="-1.00" length="-1.00" nVehEntered="0"/>
    <interval begin="330.00" end="345.00" id="ild_in:nt3,np6" nVehContrib="0" flow="0.00" occupancy="0.00" speed="-1.00" length="-1.00" nVehEntered="0"/>
    <interval begin="345.00" end="360.00" id="ild_in:nt1,nt2" nVehContrib="2" flow="480.00" occupancy="55.28" speed="1.48" length="5.00" nVehEntered="2"/>
    <interval begin="345.00" end="360.00" id="ild_in:nt1,npc" nVehContrib="1" flow="240.00" occupancy="3.26" speed="10.24" length="5.00" nVehEntered="1"/>
    <interval begin="345.00" end="360.00" id="ild_in:nt1,nt6" nVehContrib="2" flow="480.00" occupancy="65.44" speed="1.16" length="5.00" nVehEntered="2"/>
    <interval begin="345.00" end="360.00" id="ild_in:npc,nt3" nVehContrib="0" flow="0.00" occupancy="0.00" speed="-1.00" length="-1.00" nVehEntered="0"/>
    <interval begin="345.00" end="360.00" id="ild_in:npc,nt5" nVehContrib="0" flow="0.00" occupancy="0.00" speed="-1.00" length="-1.00" nVehEntered="0"/>
    <interval begin="345.00" end="360.00" id="ild_in:nt5,nt6" nVehContrib="1" flow="240.00" occupancy="2.68" speed="12.45" length="5.00" nVehEntered="1"/>
    <interval begin="345.00" end="360.00" id="ild_in:nt4,nt3" nVehContrib="2" flow="480.00" occupancy="4.00" speed="16.66" length="5.00" nVehEntered="2"/>
    <interval begin="345.00" end="360.00" id="ild_in:nt4,nt5" nVehContrib="4" flow="960.00" occupancy="55.41" speed="4.13" length="5.00" nVehEntered="4"/>
    <interval begin="345.00" end="360.00" id="ild_in:nt3,nt2" nVehContrib="1" flow="240.00" occupancy="5.03" speed="12.52" length="5.00" nVehEntered="2"/>
    <interval begin="345.00" end="360.00" id="ild_in:nt6,np12" nVehContrib="4" flow="960.00" occupancy="9.79" speed="13.96" length="5.00" nVehEntered="4"/>
    <interval begin="345.00" end="360.00" id="ild_in:nt6,np13" nVehContrib="3" flow="720.00" occupancy="6.90" speed="14.82" length="5.00" nVehEntered="3"/>
    <interval begin="345.00" end="360.00" id="ild_in:nt2,np4" nVehContrib="3" flow="720.00" occupancy="7.72" speed="13.12" length="5.00" nVehEntered="3"/>
    <interval begin="345.00" end="360.00" id="ild_in:nt2,np5" nVehContrib="0" flow="0.00" occupancy="0.00" speed="-1.00" length="-1.00" nVehEntered="0"/>
    <interval begin="345.00" end="360.00" id="ild_in:nt5,np11" nVehContrib="2" flow="480.00" occupancy="3.78" speed="17.74" length="5.00" nVehEntered="2"/>
    <interval begin="345.00" end="360.00" id="ild_in:nt3,np6" nVehContrib="1" flow="240.00" occupancy="3.19" speed="10.45" length="5.00" nVehEntered="1"/>
    <interval begin="360.00" end="375.00" id="ild_in:nt1,nt2" nVehContrib="2" flow="480.00" occupancy="57.44" speed="1.73" length="5.00" nVehEntered="2"/>
    <interval begin="360.00" end="375.00" id="ild_in:nt1,npc" nVehContrib="0" flow="0.00" occupancy="0.00" speed="-1.00" length="-1.00" nVehEntered="0"/>
    <interval begin="360.00" end="375.00" id="ild_in:nt1,nt6" nVehContrib="3" flow="720.00" occupancy="41.36" speed="1.84" length="5.00" nVehEntered="2"/>
    <interval begin="360.00" end="375.00" id="ild_in:npc,nt3" nVehContrib="0" flow="0.00" occupancy="0.00" speed="-1.00" length="-1.00" nVehEntered="0"/>
    <interval begin="360.00" end="375.00" id="ild_in:npc,nt5" nVehContrib="1" flow="240.00" occupancy="1.90" speed="17.57" length="5.00" nVehEntered="1"/>
    <interval begin="360.00" end="375.00" id="ild_in:nt5,nt6" nVehContrib="0" flow="0.00" occupancy="0.00" speed="-1.00" length="-1.00" nVehEntered="0"/>
    <interval begin="360.00" end="375.00" id="ild_in:nt4,nt3" nVehContrib="0" flow="0.00" occupancy="0.00" speed="-1.00" length="-1.00" nVehEntered="0"/>
    <interval begin="360.00" end="375.00" id="ild_in:nt4,nt5" nVehContrib="3" flow="720.00" occupancy="45.45" speed="2.29" length="5.00" nVehEntered="3"/>
    <interval begin="360.00" end="375.00" id="ild_in:nt3,nt2" nVehContrib="2" flow="480.00" occupancy="2.03" speed="15.32" length="5.00" nVehEntered="1"/>
    <interval begin="360.00" end="375.00" id="ild_in:nt6,np12" nVehContrib="0" flow="0.00" occupancy="0.00" speed="-1.00" length="-1.00" nVehEntered="0"/>
    <interval begin="360.00" end="375.00" id="ild_in:nt6,np13" nVehContrib="7" flow="1680.00" occupancy="15.62" speed="15.02" length="5.00" nVehEntered="7"/>
    <interval begin="360.00" end="375.00" id="ild_in:nt2,np4" nVehContrib="0" flow="0.00" occupancy="0.00" speed="-1.00" length="-1.00" nVehEntered="0"/>
    <interval begin="360.00" end="375.00" id="ild_in:nt2,np5" nVehContrib="2" flow="480.00" occupancy="3.62" speed="18.40" length="5.00" nVehEntered="2"/>
    <interval begin="360.00" end="375.00" id="ild_in:nt5,np11" nVehContrib="0" flow="0.00" occupancy="0.00" speed="-1.00" length="-1.00" nVehEntered="0"/>
    <interval begin="360.00" end="375.00" id="ild_in:nt3,np6" nVehContrib="0" flow="0.00" occupancy="0.00" speed="-1.00" length="-1.00" nVehEntered="0"/>
    <interval begin="375.00" end="390.00" id="ild_in:nt1,nt2" nVehContrib="0" flow="0.00" occupancy="100.00" speed="-1.00" length="-1.00" nVehEntered="0"/>
    <interval begin="375.00" end="390.00" id="ild_in:nt1,npc" nVehContrib="2" flow="480.00" occupancy="4.81" speed="13.88" length="5.00" nVehEntered="2"/>
    <interval begin="375.00" end="390.00" id="ild_in:nt1,nt6" nVehContrib="2" flow="480.00" occupancy="59.58" speed="1.15" length="5.00" nVehEntered="2"/>
    <interval begin="375.00" end="390.00" id="ild_in:npc,nt3" nVehContrib="1" flow="240.00" occupancy="1.69" speed="19.67" length="5.00" nVehEntered="1"/>
    <interval begin="375.00" end="390.00" id="ild_in:npc,nt5" nVehContrib="0" flow="0.00" occupancy="0.00" speed="-1.00" length="-1.00" nVehEntered="0"/>
    <interval begin="375.00" end="390.00" id="ild_in:nt5,nt6" nVehContrib="1" flow="240.00" occupancy="1.90" speed="17.57" length="5.00" nVehEntered="1"/>
    <interval begin="375.00" end="390.00" id="ild_in:nt4,nt3" nVehContrib="0" flow="0.00" occupancy="0.00" speed="-1.00" length="-1.00" nVehEntered="0"/>
    <interval begin="375.00" end="390.00" id="ild_in:nt4,nt5" nVehContrib="0" flow="0.00" occupancy="0.00" speed="-1.00" length="-1.00" nVehEntered="0"/>
    <interval begin="375.00" end="390.00" id="ild_in:nt3,nt2" nVehContrib="0" flow="0.00" occupancy="0.00" speed="-1.00" length="-1.00" nVehEntered="0"/>
    <interval begin="375.00" end="390.00" id="ild_in:nt6,np12" nVehContrib="3" flow="720.00" occupancy="7.71" speed="13.25" length="5.00" nVehEntered="3"/>
    <interval begin="375.00" end="390.00" id="ild_in:nt6,np13" nVehContrib="4" flow="960.00" occupancy="7.93" speed="16.88" length="5.00" nVehEntered="4"/>
    <interval begin="375.00" end="390.00" id="ild_in:nt2,np4" nVehContrib="3" flow="720.00" occupancy="7.64" speed="13.28" length="5.00" nVehEntered="3"/>
    <interval begin="375.00" end="390.00" id="ild_in:nt2,np5" nVehContrib="1" flow="240.00" occupancy="2.75" speed="12.12" length="5.00" nVehEntered="1"/>
    <interval begin="375.00" end="390.00" id="ild_in:nt5,np11" nVehContrib="0" flow="0.00" occupancy="0.00" speed="-1.00" length="-1.00" nVehEntered="0"/>
    <interval begin="375.00" end="390.00" id="ild_in:nt3,np6" nVehContrib="0" flow="0.00" occupancy="0.00" speed="-1.00" length="-1.00" nVehEntered="0"/>
    <interval begin="390.00" end="405.00" id="ild_in:nt1,nt2" nVehContrib="0" flow="0.00" occupancy="100.00" speed="-1.00" length="-1.00" nVehEntered="0"/>
    <interval begin="390.00" end="405.00" id="ild_in:nt1,npc" nVehContrib="1" flow="240.00" occupancy="3.66" speed="9.12" length="5.00" nVehEntered="1"/>
    <interval begin="390.00" end="405.00" id="ild_in:nt1,nt6" nVehContrib="1" flow="240.00" occupancy="44.70" speed="1.05" length="5.00" nVehEntered="2"/>
    <interval begin="390.00" end="405.00" id="ild_in:npc,nt3" nVehContrib="0" flow="0.00" occupancy="0.00" speed="-1.00" length="-1.00" nVehEntered="0"/>
    <interval begin="390.00" end="405.00" id="ild_in:npc,nt5" nVehContrib="1" flow="240.00" occupancy="1.90" speed="17.55" length="5.00" nVehEntered="1"/>
    <interval begin="390.00" end="405.00" id="ild_in:nt5,nt6" nVehContrib="0" flow="0.00" occupancy="0.00" speed="-1.00" length="-1.00" nVehEntered="0"/>
    <interval begin="390.00" end="405.00" id="ild_in:nt4,nt3" nVehContrib="1" flow="240.00" occupancy="2.64" speed="12.64" length="5.00" nVehEntered="1"/>
    <interval begin="390.00" end="405.00" id="ild_in:nt4,nt5" nVehContrib="0" flow="0.00" occupancy="0.00" speed="-1.00" length="-1.00" nVehEntered="0"/>
    <interval begin="390.00" end="405.00" id="ild_in:nt3,nt2" nVehContrib="1" flow="240.00" occupancy="2.54" speed="13.11" length="5.00" nVehEntered="1"/>
    <interval begin="390.00" end="405.00" id="ild_in:nt6,np12" nVehContrib="7" flow="1680.00" occupancy="12.72" speed="18.37" length="5.00" nVehEntered="7"/>
    <interval begin="390.00" end="405.00" id="ild_in:nt6,np13" nVehContrib="0" flow="0.00" occupancy="0.00" speed="-1.00" length="-1.00" nVehEntered="0"/>
    <interval begin="390.00" end="405.00" id="ild_in:nt2,np4" nVehContrib="0" flow="0.00" occupancy="0.00" speed="-1.00" length="-1.00" nVehEntered="0"/>
    <interval begin="390.00" end="405.00" id="ild_in:nt2,np5" nVehContrib="0" flow="0.00" occupancy="0.00" speed="-1.00" length="-1.00" nVehEntered="0"/>
    <interval begin="390.00" end="405.00" id="ild_in:nt5,np11" nVehContrib="0" flow="0.00" occupancy="0.00" speed="-1.00" length="-1.00" nVehEntered="0"/>
    <interval begin="390.00" end="405.00" id="ild_in:nt3,np6" nVehContrib="0" flow="0.00" occupancy="0.00" speed="-1.00" length="-1.00" nVehEntered="0"/>
    <interval begin="405.00" end="420.00" id="ild_in:nt1,nt2" nVehContrib="1" flow="240.00" occupancy="76.49" speed="0.11" length="5.00" nVehEntered="1"/>
    <interval begin="405.00" end="420.00" id="ild_in:nt1,npc" nVehContrib="0" flow="0.00" occupancy="0.00" speed="-1.00" length="-1.00" nVehEntered="0"/>
    <interval begin="405.00" end="420.00" id="ild_in:nt1,nt6" nVehContrib="2" flow="480.00" occupancy="53.10" speed="1.06" length="5.00" nVehEntered="1"/>
    <interval begin="405.00" end="420.00" id="ild_in:npc,nt3" nVehContrib="1" flow="240.00" occupancy="1.72" speed="19.40" length="5.00" nVehEntered="1"/>
    <interval begin="405.00" end="420.00" id="ild_in:npc,nt5" nVehContrib="0" flow="0.00" occupancy="0.00" speed="-1.00" length="-1.00" nVehEntered="0"/>
    <interval begin="405.00" end="420.00" id="ild_in:nt5,nt6" nVehContrib="1" flow="240.00" occupancy="2.01" speed="16.60" length="5.00" nVehEntered="1"/>
    <interval begin="405.00" end="420.00" id="ild_in:nt4,nt3" nVehContrib="0" flow="0.00" occupancy="0.00" speed="-1.00" length="-1.00" nVehEntered="0"/>
    <interval begin="405.00" end="420.00" id="ild_in:nt4,nt5" nVehContrib="0" flow="0.00" occupancy="0.00" speed="-1.00" length="-1.00" nVehEntered="0"/>
    <interval begin="405.00" end="420.00" id="ild_in:nt3,nt2" nVehContrib="2" flow="480.00" occupancy="5.52" speed="12.12" length="5.00" nVehEntered="2"/>
    <interval begin="405.00" end="420.00" id="ild_in:nt6,np12" nVehContrib="0" flow="0.00" occupancy="0.00" speed="-1.00" length="-1.00" nVehEntered="0"/>
    <interval begin="405.00" end="420.00" id="ild_in:nt6,np13" nVehContrib="8" flow="1920.00" occupancy="17.90" speed="15.27" length="5.00" nVehEntered="8"/>
    <interval begin="405.00" end="420.00" id="ild_in:nt2,np4" nVehContrib="0" flow="0.00" occupancy="0.00" speed="-1.00" length="-1.00" nVehEntered="0"/>
    <interval begin="405.00" end="420.00" id="ild_in:nt2,np5" nVehContrib="2" flow="480.00" occupancy="3.54" speed="18.87" length="5.00" nVehEntered="2"/>
    <interval begin="405.00" end="420.00" id="ild_in:nt5,np11" nVehContrib="3" flow="720.00" occupancy="8.28" speed="12.10" length="5.00" nVehEntered="3"/>
    <interval begin="405.00" end="420.00" id="ild_in:nt3,np6" nVehContrib="0" flow="0.00" occupancy="0.00" speed="-1.00" length="-1.00" nVehEntered="0"/>
    <interval begin="420.00" end="435.00" id="ild_in:nt1,nt2" nVehContrib="2" flow="480.00" occupancy="57.03" speed="1.80" length="5.00" nVehEntered="2"/>
    <interval begin="420.00" end="435.00" id="ild_in:nt1,npc" nVehContrib="0" flow="0.00" occupancy="0.00" speed="-1.00" length="-1.00" nVehEntered="0"/>
    <interval begin="420.00" end="435.00" id="ild_in:nt1,nt6" nVehContrib="2" flow="480.00" occupancy="46.69" speed="1.78" length="5.00" nVehEntered="3"/>
    <interv